----------------------------------------------------------------------
Marvellous Process Log
Log file created at : Sun Jun  2 09:48:10 2024
----------------------------------------------------------------------
{'pid': 0, 'name': 'System Idle Process', 'username': 'NT AUTHORITY\\SYSTEM'} 
{'pid': 4, 'name': 'System', 'username': 'NT AUTHORITY\\SYSTEM'} 
{'pid': 140, 'name': '', 'username': None} 
{'pid': 176, 'name': 'Registry', 'username': None} 
{'pid': 640, 'name': 'smss.exe', 'username': None} 
{'pid': 664, 'name': 'csrss.exe', 'username': None} 
{'pid': 728, 'name': 'Code.exe', 'username': 'MAHESH\\mahes'} 
{'pid': 1100, 'name': 'wininit.exe', 'username': None} 
{'pid': 1108, 'name': 'csrss.exe', 'username': None} 
{'pid': 1172, 'name': 'services.exe', 'username': None} 
{'pid': 1192, 'name': 'LsaIso.exe', 'username': None} 
{'pid': 1208, 'name': 'lsass.exe', 'username': None} 
{'pid': 1220, 'name': 'svchost.exe', 'username': None} 
{'pid': 1280, 'name': 'IntelCpHDCPSvc.exe', 'username': None} 
{'pid': 1316, 'name': 'msedgewebview2.exe', 'username': 'MAHESH\\mahes'} 
{'pid': 1332, 'name': 'svchost.exe', 'username': None} 
{'pid': 1360, 'name': 'WUDFHost.exe', 'username': None} 
{'pid': 1380, 'name': 'fontdrvhost.exe', 'username': None} 
{'pid': 1468, 'name': 'svchost.exe', 'username': None} 
{'pid': 1516, 'name': 'svchost.exe', 'username': None} 
{'pid': 1568, 'name': 'WUDFHost.exe', 'username': None} 
{'pid': 1636, 'name': 'winlogon.exe', 'username': None} 
{'pid': 1652, 'name': 'OneDrive.exe', 'username': 'MAHESH\\mahes'} 
{'pid': 1688, 'name': 'fontdrvhost.exe', 'username': None} 
{'pid': 1728, 'name': 'svchost.exe', 'username': None} 
{'pid': 1776, 'name': 'svchost.exe', 'username': None} 
{'pid': 1788, 'name': 'svchost.exe', 'username': None} 
{'pid': 1852, 'name': 'dwm.exe', 'username': None} 
{'pid': 1876, 'name': 'svchost.exe', 'username': None} 
{'pid': 1892, 'name': 'svchost.exe', 'username': None} 
{'pid': 1964, 'name': 'svchost.exe', 'username': None} 
{'pid': 1972, 'name': 'svchost.exe', 'username': None} 
{'pid': 1996, 'name': 'svchost.exe', 'username': 'MAHESH\\mahes'} 
{'pid': 2108, 'name': 'svchost.exe', 'username': None} 
{'pid': 2220, 'name': 'svchost.exe', 'username': None} 
{'pid': 2324, 'name': 'ACCIMonitor.exe', 'username': 'MAHESH\\mahes'} 
{'pid': 2328, 'name': 'ArmouryCrate.UserSessionHelper.exe', 'username': 'MAHESH\\mahes'} 
{'pid': 2376, 'name': 'NVDisplay.Container.exe', 'username': None} 
{'pid': 2416, 'name': 'svchost.exe', 'username': None} 
{'pid': 2424, 'name': 'igfxCUIServiceN.exe', 'username': None} 
{'pid': 2444, 'name': 'svchost.exe', 'username': None} 
{'pid': 2484, 'name': 'svchost.exe', 'username': None} 
{'pid': 2608, 'name': 'svchost.exe', 'username': None} 
{'pid': 2656, 'name': 'svchost.exe', 'username': None} 
{'pid': 2668, 'name': 'conhost.exe', 'username': 'MAHESH\\mahes'} 
{'pid': 2752, 'name': 'svchost.exe', 'username': None} 
{'pid': 2884, 'name': 'NVDisplay.Container.exe', 'username': None} 
{'pid': 2912, 'name': 'AsusSoftwareManagerAgent.exe', 'username': 'MAHESH\\mahes'} 
{'pid': 2948, 'name': 'svchost.exe', 'username': None} 
{'pid': 2956, 'name': 'AsusCertService.exe', 'username': None} 
{'pid': 3012, 'name': 'svchost.exe', 'username': None} 
{'pid': 3048, 'name': 'svchost.exe', 'username': None} 
{'pid': 3056, 'name': 'svchost.exe', 'username': None} 
{'pid': 3064, 'name': 'svchost.exe', 'username': None} 
{'pid': 3120, 'name': 'svchost.exe', 'username': None} 
{'pid': 3128, 'name': 'svchost.exe', 'username': None} 
{'pid': 3172, 'name': 'MemCompression', 'username': None} 
{'pid': 3276, 'name': 'svchost.exe', 'username': None} 
{'pid': 3304, 'name': 'StartMenuExperienceHost.exe', 'username': 'MAHESH\\mahes'} 
{'pid': 3320, 'name': 'Widgets.exe', 'username': 'MAHESH\\mahes'} 
{'pid': 3476, 'name': 'svchost.exe', 'username': None} 
{'pid': 3484, 'name': 'svchost.exe', 'username': 'MAHESH\\mahes'} 
{'pid': 3576, 'name': 'svchost.exe', 'username': None} 
{'pid': 3612, 'name': 'svchost.exe', 'username': None} 
{'pid': 3652, 'name': 'svchost.exe', 'username': None} 
{'pid': 3692, 'name': 'svchost.exe', 'username': None} 
{'pid': 3792, 'name': 'svchost.exe', 'username': None} 
{'pid': 3840, 'name': 'svchost.exe', 'username': None} 
{'pid': 3868, 'name': 'AsusOptimization.exe', 'username': None} 
{'pid': 3876, 'name': 'svchost.exe', 'username': None} 
{'pid': 3972, 'name': 'WmiPrvSE.exe', 'username': None} 
{'pid': 3988, 'name': 'RuntimeBroker.exe', 'username': 'MAHESH\\mahes'} 
{'pid': 4080, 'name': 'spoolsv.exe', 'username': None} 
{'pid': 4108, 'name': 'wlanext.exe', 'username': None} 
{'pid': 4124, 'name': 'conhost.exe', 'username': None} 
{'pid': 4144, 'name': 'msedgewebview2.exe', 'username': 'MAHESH\\mahes'} 
{'pid': 4208, 'name': 'asus_framework.exe', 'username': None} 
{'pid': 4260, 'name': 'svchost.exe', 'username': None} 
{'pid': 4332, 'name': 'svchost.exe', 'username': None} 
{'pid': 4452, 'name': 'AsusAppService.exe', 'username': None} 
{'pid': 4460, 'name': 'ArmouryCrateControlInterface.exe', 'username': None} 
{'pid': 4468, 'name': 'AsusSoftwareManager.exe', 'username': None} 
{'pid': 4476, 'name': 'OneApp.IGCC.WinService.exe', 'username': None} 
{'pid': 4484, 'name': 'svchost.exe', 'username': None} 
{'pid': 4492, 'name': 'AsusSystemDiagnosis.exe', 'username': None} 
{'pid': 4500, 'name': 'AuraWallpaperService.exe', 'username': None} 
{'pid': 4512, 'name': 'svchost.exe', 'username': None} 
{'pid': 4524, 'name': 'svchost.exe', 'username': None} 
{'pid': 4536, 'name': 'svchost.exe', 'username': None} 
{'pid': 4540, 'name': 'DtsApo4Service.exe', 'username': None} 
{'pid': 4556, 'name': 'AsusSwitch.exe', 'username': None} 
{'pid': 4564, 'name': 'ArmouryCrate.Service.exe', 'username': None} 
{'pid': 4572, 'name': 'svchost.exe', 'username': None} 
{'pid': 4588, 'name': 'IntelAudioService.exe', 'username': None} 
{'pid': 4596, 'name': 'svchost.exe', 'username': None} 
{'pid': 4604, 'name': 'GameSDK.exe', 'username': None} 
{'pid': 4608, 'name': 'AnyDesk.exe', 'username': None} 
{'pid': 4632, 'name': 'msedge.exe', 'username': 'MAHESH\\mahes'} 
{'pid': 4660, 'name': 'esif_uf.exe', 'username': None} 
{'pid': 4740, 'name': 'AsusSystemAnalysis.exe', 'username': None} 
{'pid': 4768, 'name': 'CptHost.exe', 'username': 'MAHESH\\mahes'} 
{'pid': 4840, 'name': 'svchost.exe', 'username': None} 
{'pid': 4876, 'name': 'svchost.exe', 'username': None} 
{'pid': 4904, 'name': 'LightingService.exe', 'username': None} 
{'pid': 4932, 'name': 'servicehost.exe', 'username': None} 
{'pid': 4956, 'name': 'mongod.exe', 'username': None} 
{'pid': 4988, 'name': 'mc-fw-host.exe', 'username': None} 
{'pid': 5004, 'name': 'ROGLiveService.exe', 'username': None} 
{'pid': 5012, 'name': 'RtkAudUService64.exe', 'username': None} 
{'pid': 5040, 'name': 'RstMwService.exe', 'username': None} 
{'pid': 5056, 'name': 'TbtP2pShortcutService.exe', 'username': None} 
{'pid': 5064, 'name': 'svchost.exe', 'username': None} 
{'pid': 5072, 'name': 'svchost.exe', 'username': None} 
{'pid': 5080, 'name': 'svchost.exe', 'username': None} 
{'pid': 5088, 'name': 'WMIRegistrationService.exe', 'username': None} 
{'pid': 5132, 'name': 'svchost.exe', 'username': None} 
{'pid': 5444, 'name': 'jhi_service.exe', 'username': None} 
{'pid': 5484, 'name': 'Code.exe', 'username': 'MAHESH\\mahes'} 
{'pid': 5712, 'name': 'svchost.exe', 'username': None} 
{'pid': 5756, 'name': 'SearchHost.exe', 'username': 'MAHESH\\mahes'} 
{'pid': 5852, 'name': 'cmd.exe', 'username': 'MAHESH\\mahes'} 
{'pid': 5856, 'name': 'dasHost.exe', 'username': None} 
{'pid': 6096, 'name': 'svchost.exe', 'username': None} 
{'pid': 6488, 'name': 'msedgewebview2.exe', 'username': 'MAHESH\\mahes'} 
{'pid': 6516, 'name': 'Code.exe', 'username': 'MAHESH\\mahes'} 
{'pid': 6836, 'name': 'msedge.exe', 'username': 'MAHESH\\mahes'} 
{'pid': 6940, 'name': 'SystemSettings.exe', 'username': 'MAHESH\\mahes'} 
{'pid': 7240, 'name': 'RuntimeBroker.exe', 'username': 'MAHESH\\mahes'} 
{'pid': 7508, 'name': 'dasHost.exe', 'username': None} 
{'pid': 7620, 'name': 'msedge.exe', 'username': 'MAHESH\\mahes'} 
{'pid': 7624, 'name': 'svchost.exe', 'username': None} 
{'pid': 8160, 'name': 'svchost.exe', 'username': 'MAHESH\\mahes'} 
{'pid': 8280, 'name': 'svchost.exe', 'username': None} 
{'pid': 8424, 'name': 'TextInputHost.exe', 'username': 'MAHESH\\mahes'} 
{'pid': 8540, 'name': 'git.exe', 'username': 'MAHESH\\mahes'} 
{'pid': 8636, 'name': 'ShellExperienceHost.exe', 'username': 'MAHESH\\mahes'} 
{'pid': 8696, 'name': 'sihost.exe', 'username': 'MAHESH\\mahes'} 
{'pid': 8828, 'name': 'uihost.exe', 'username': 'MAHESH\\mahes'} 
{'pid': 8844, 'name': 'AggregatorHost.exe', 'username': None} 
{'pid': 8868, 'name': 'ctfmon.exe', 'username': 'MAHESH\\mahes'} 
{'pid': 8928, 'name': 'unsecapp.exe', 'username': None} 
{'pid': 8952, 'name': 'SystemSettingsBroker.exe', 'username': 'MAHESH\\mahes'} 
{'pid': 9296, 'name': 'Code.exe', 'username': 'MAHESH\\mahes'} 
{'pid': 9400, 'name': 'AsusOptimizationStartupTask.exe', 'username': 'MAHESH\\mahes'} 
{'pid': 9444, 'name': 'svchost.exe', 'username': None} 
{'pid': 9452, 'name': 'mc-neo-host.exe', 'username': None} 
{'pid': 9460, 'name': 'svchost.exe', 'username': None} 
{'pid': 9508, 'name': 'svchost.exe', 'username': None} 
{'pid': 9676, 'name': 'audiodg.exe', 'username': None} 
{'pid': 9760, 'name': 'svchost.exe', 'username': None} 
{'pid': 9832, 'name': 'AppVShNotify.exe', 'username': 'MAHESH\\mahes'} 
{'pid': 9836, 'name': 'ArmourySwAgent.exe', 'username': 'MAHESH\\mahes'} 
{'pid': 9940, 'name': 'igfxEMN.exe', 'username': 'MAHESH\\mahes'} 
{'pid': 9944, 'name': 'svchost.exe', 'username': None} 
{'pid': 9952, 'name': 'svchost.exe', 'username': 'MAHESH\\mahes'} 
{'pid': 9996, 'name': 'Code.exe', 'username': 'MAHESH\\mahes'} 
{'pid': 10108, 'name': 'Code.exe', 'username': 'MAHESH\\mahes'} 
{'pid': 10144, 'name': 'svchost.exe', 'username': None} 
{'pid': 10288, 'name': 'svchost.exe', 'username': 'MAHESH\\mahes'} 
{'pid': 10300, 'name': 'OpenConsole.exe', 'username': 'MAHESH\\mahes'} 
{'pid': 10324, 'name': 'mc-fw-host.exe', 'username': 'MAHESH\\mahes'} 
{'pid': 10560, 'name': 'svchost.exe', 'username': 'MAHESH\\mahes'} 
{'pid': 10612, 'name': 'Zoom.exe', 'username': 'MAHESH\\mahes'} 
{'pid': 10648, 'name': 'taskhostw.exe', 'username': 'MAHESH\\mahes'} 
{'pid': 10668, 'name': 'AsMonitorControl.exe', 'username': 'MAHESH\\mahes'} 
{'pid': 10684, 'name': 'svchost.exe', 'username': None} 
{'pid': 10708, 'name': 'AsHotplugCtrl.exe', 'username': 'MAHESH\\mahes'} 
{'pid': 10744, 'name': 'AcPowerNotification.exe', 'username': 'MAHESH\\mahes'} 
{'pid': 10764, 'name': 'ArmourySocketServer.exe', 'username': 'MAHESH\\mahes'} 
{'pid': 10948, 'name': 'asus_framework.exe', 'username': 'MAHESH\\mahes'} 
{'pid': 11032, 'name': 'ASUSSmartDisplayControl.exe', 'username': 'MAHESH\\mahes'} 
{'pid': 11196, 'name': 'asus_framework.exe', 'username': None} 
{'pid': 11312, 'name': 'Code.exe', 'username': 'MAHESH\\mahes'} 
{'pid': 11376, 'name': 'msedge.exe', 'username': 'MAHESH\\mahes'} 
{'pid': 11380, 'name': 'explorer.exe', 'username': 'MAHESH\\mahes'} 
{'pid': 11412, 'name': 'svchost.exe', 'username': None} 
{'pid': 11780, 'name': 'ArmouryHtmlDebugServer.exe', 'username': 'MAHESH\\mahes'} 
{'pid': 11984, 'name': 'msedge.exe', 'username': 'MAHESH\\mahes'} 
{'pid': 12068, 'name': 'UserOOBEBroker.exe', 'username': 'MAHESH\\mahes'} 
{'pid': 12188, 'name': 'svchost.exe', 'username': None} 
{'pid': 12220, 'name': 'WmiPrvSE.exe', 'username': None} 
{'pid': 12356, 'name': 'RtkAudUService64.exe', 'username': 'MAHESH\\mahes'} 
{'pid': 12416, 'name': 'AsusOSD.exe', 'username': 'MAHESH\\mahes'} 
{'pid': 12432, 'name': 'AnyDesk.exe', 'username': 'MAHESH\\mahes'} 
{'pid': 12732, 'name': 'Code.exe', 'username': 'MAHESH\\mahes'} 
{'pid': 12740, 'name': 'SearchIndexer.exe', 'username': None} 
{'pid': 12748, 'name': 'svchost.exe', 'username': None} 
{'pid': 13192, 'name': 'svchost.exe', 'username': None} 
{'pid': 13264, 'name': 'AutoConnectHelper.exe', 'username': 'MAHESH\\mahes'} 
{'pid': 13316, 'name': 'RuntimeBroker.exe', 'username': 'MAHESH\\mahes'} 
{'pid': 13540, 'name': 'WidgetService.exe', 'username': 'MAHESH\\mahes'} 
{'pid': 13636, 'name': 'svchost.exe', 'username': 'MAHESH\\mahes'} 
{'pid': 13648, 'name': 'svchost.exe', 'username': None} 
{'pid': 13732, 'name': 'svchost.exe', 'username': 'MAHESH\\mahes'} 
{'pid': 13876, 'name': 'Code.exe', 'username': 'MAHESH\\mahes'} 
{'pid': 14016, 'name': 'conhost.exe', 'username': 'MAHESH\\mahes'} 
{'pid': 14060, 'name': 'SecurityHealthSystray.exe', 'username': 'MAHESH\\mahes'} 
{'pid': 14132, 'name': 'dllhost.exe', 'username': 'MAHESH\\mahes'} 
{'pid': 14268, 'name': 'AsusSystemAnalysis.exe', 'username': 'MAHESH\\mahes'} 
{'pid': 14292, 'name': 'RuntimeBroker.exe', 'username': 'MAHESH\\mahes'} 
{'pid': 14308, 'name': 'conhost.exe', 'username': 'MAHESH\\mahes'} 
{'pid': 14332, 'name': 'conhost.exe', 'username': 'MAHESH\\mahes'} 
{'pid': 14404, 'name': 'Code.exe', 'username': 'MAHESH\\mahes'} 
{'pid': 14424, 'name': 'svchost.exe', 'username': None} 
{'pid': 14588, 'name': 'svchost.exe', 'username': 'MAHESH\\mahes'} 
{'pid': 14652, 'name': 'msedgewebview2.exe', 'username': 'MAHESH\\mahes'} 
{'pid': 14680, 'name': 'svchost.exe', 'username': None} 
{'pid': 14704, 'name': 'WhatsApp.exe', 'username': 'MAHESH\\mahes'} 
{'pid': 14764, 'name': 'msedge.exe', 'username': 'MAHESH\\mahes'} 
{'pid': 14888, 'name': 'msedge.exe', 'username': 'MAHESH\\mahes'} 
{'pid': 15104, 'name': 'OfficeClickToRun.exe', 'username': None} 
{'pid': 15180, 'name': 'Zoom.exe', 'username': 'MAHESH\\mahes'} 
{'pid': 15488, 'name': 'Code.exe', 'username': 'MAHESH\\mahes'} 
{'pid': 15508, 'name': 'RtkAudUService64.exe', 'username': 'MAHESH\\mahes'} 
{'pid': 15552, 'name': 'python.exe', 'username': 'MAHESH\\mahes'} 
{'pid': 15876, 'name': 'LocationNotificationWindows.exe', 'username': 'MAHESH\\mahes'} 
{'pid': 15920, 'name': 'git.exe', 'username': 'MAHESH\\mahes'} 
{'pid': 16000, 'name': 'svchost.exe', 'username': None} 
{'pid': 16056, 'name': 'conhost.exe', 'username': 'MAHESH\\mahes'} 
{'pid': 16200, 'name': 'msedge.exe', 'username': 'MAHESH\\mahes'} 
{'pid': 16212, 'name': 'SecurityHealthService.exe', 'username': None} 
{'pid': 16228, 'name': 'FileCoAuth.exe', 'username': 'MAHESH\\mahes'} 
{'pid': 16268, 'name': 'svchost.exe', 'username': None} 
{'pid': 16320, 'name': 'ApplicationFrameHost.exe', 'username': 'MAHESH\\mahes'} 
{'pid': 16620, 'name': 'svchost.exe', 'username': None} 
{'pid': 16652, 'name': 'msedge.exe', 'username': 'MAHESH\\mahes'} 
{'pid': 16832, 'name': 'msedge.exe', 'username': 'MAHESH\\mahes'} 
{'pid': 17160, 'name': 'msedge.exe', 'username': 'MAHESH\\mahes'} 
{'pid': 17312, 'name': 'WindowsTerminal.exe', 'username': 'MAHESH\\mahes'} 
{'pid': 17348, 'name': 'svchost.exe', 'username': None} 
{'pid': 17404, 'name': 'RuntimeBroker.exe', 'username': 'MAHESH\\mahes'} 
{'pid': 17492, 'name': 'msedgewebview2.exe', 'username': 'MAHESH\\mahes'} 
{'pid': 17532, 'name': 'svchost.exe', 'username': None} 
{'pid': 17752, 'name': 'RuntimeBroker.exe', 'username': 'MAHESH\\mahes'} 
{'pid': 17896, 'name': 'git.exe', 'username': 'MAHESH\\mahes'} 
{'pid': 18268, 'name': 'powershell.exe', 'username': 'MAHESH\\mahes'} 
{'pid': 18272, 'name': 'svchost.exe', 'username': None} 
{'pid': 18388, 'name': 'asus_framework.exe', 'username': 'MAHESH\\mahes'} 
{'pid': 18464, 'name': 'dllhost.exe', 'username': 'MAHESH\\mahes'} 
{'pid': 18528, 'name': 'Code.exe', 'username': 'MAHESH\\mahes'} 
{'pid': 18596, 'name': 'svchost.exe', 'username': None} 
{'pid': 19508, 'name': 'msedgewebview2.exe', 'username': 'MAHESH\\mahes'} 
{'pid': 19804, 'name': 'powershell.exe', 'username': 'MAHESH\\mahes'} 
{'pid': 19976, 'name': 'svchost.exe', 'username': None} 
CONTENTS OF LOG FILE

----------------------------------------------------------------------
----------------------------------------------------------------------
Marvellous Process Log
Log file created at : Sun Jun  2 09:49:38 2024
----------------------------------------------------------------------
{'username': 'NT AUTHORITY\\SYSTEM', 'pid': 0, 'name': 'System Idle Process'} 
{'username': 'NT AUTHORITY\\SYSTEM', 'pid': 4, 'name': 'System'} 
{'username': None, 'pid': 140, 'name': ''} 
{'username': None, 'pid': 176, 'name': 'Registry'} 
{'username': None, 'pid': 640, 'name': 'smss.exe'} 
{'username': None, 'pid': 664, 'name': 'csrss.exe'} 
{'username': 'MAHESH\\mahes', 'pid': 728, 'name': 'Code.exe'} 
{'username': None, 'pid': 1100, 'name': 'wininit.exe'} 
{'username': None, 'pid': 1108, 'name': 'csrss.exe'} 
{'username': None, 'pid': 1172, 'name': 'services.exe'} 
{'username': None, 'pid': 1192, 'name': 'LsaIso.exe'} 
{'username': None, 'pid': 1208, 'name': 'lsass.exe'} 
{'username': None, 'pid': 1220, 'name': 'svchost.exe'} 
{'username': None, 'pid': 1280, 'name': 'IntelCpHDCPSvc.exe'} 
{'username': 'MAHESH\\mahes', 'pid': 1316, 'name': 'msedgewebview2.exe'} 
{'username': None, 'pid': 1332, 'name': 'svchost.exe'} 
{'username': None, 'pid': 1360, 'name': 'WUDFHost.exe'} 
{'username': None, 'pid': 1380, 'name': 'fontdrvhost.exe'} 
{'username': None, 'pid': 1468, 'name': 'svchost.exe'} 
{'username': None, 'pid': 1516, 'name': 'svchost.exe'} 
{'username': None, 'pid': 1568, 'name': 'WUDFHost.exe'} 
{'username': None, 'pid': 1636, 'name': 'winlogon.exe'} 
{'username': 'MAHESH\\mahes', 'pid': 1652, 'name': 'OneDrive.exe'} 
{'username': None, 'pid': 1688, 'name': 'fontdrvhost.exe'} 
{'username': None, 'pid': 1728, 'name': 'svchost.exe'} 
{'username': None, 'pid': 1776, 'name': 'svchost.exe'} 
{'username': None, 'pid': 1788, 'name': 'svchost.exe'} 
{'username': None, 'pid': 1852, 'name': 'dwm.exe'} 
{'username': None, 'pid': 1876, 'name': 'svchost.exe'} 
{'username': None, 'pid': 1892, 'name': 'svchost.exe'} 
{'username': None, 'pid': 1964, 'name': 'svchost.exe'} 
{'username': None, 'pid': 1972, 'name': 'svchost.exe'} 
{'username': 'MAHESH\\mahes', 'pid': 1996, 'name': 'svchost.exe'} 
{'username': None, 'pid': 2108, 'name': 'svchost.exe'} 
{'username': None, 'pid': 2220, 'name': 'svchost.exe'} 
{'username': 'MAHESH\\mahes', 'pid': 2324, 'name': 'ACCIMonitor.exe'} 
{'username': 'MAHESH\\mahes', 'pid': 2328, 'name': 'ArmouryCrate.UserSessionHelper.exe'} 
{'username': None, 'pid': 2376, 'name': 'NVDisplay.Container.exe'} 
{'username': None, 'pid': 2416, 'name': 'svchost.exe'} 
{'username': None, 'pid': 2424, 'name': 'igfxCUIServiceN.exe'} 
{'username': None, 'pid': 2444, 'name': 'svchost.exe'} 
{'username': None, 'pid': 2484, 'name': 'svchost.exe'} 
{'username': None, 'pid': 2608, 'name': 'svchost.exe'} 
{'username': None, 'pid': 2656, 'name': 'svchost.exe'} 
{'username': 'MAHESH\\mahes', 'pid': 2668, 'name': 'conhost.exe'} 
{'username': None, 'pid': 2752, 'name': 'svchost.exe'} 
{'username': None, 'pid': 2884, 'name': 'NVDisplay.Container.exe'} 
{'username': 'MAHESH\\mahes', 'pid': 2912, 'name': 'AsusSoftwareManagerAgent.exe'} 
{'username': None, 'pid': 2948, 'name': 'svchost.exe'} 
{'username': None, 'pid': 2956, 'name': 'AsusCertService.exe'} 
{'username': None, 'pid': 3012, 'name': 'svchost.exe'} 
{'username': None, 'pid': 3048, 'name': 'svchost.exe'} 
{'username': None, 'pid': 3056, 'name': 'svchost.exe'} 
{'username': None, 'pid': 3064, 'name': 'svchost.exe'} 
{'username': None, 'pid': 3120, 'name': 'svchost.exe'} 
{'username': None, 'pid': 3128, 'name': 'svchost.exe'} 
{'username': None, 'pid': 3172, 'name': 'MemCompression'} 
{'username': None, 'pid': 3276, 'name': 'svchost.exe'} 
{'username': 'MAHESH\\mahes', 'pid': 3304, 'name': 'StartMenuExperienceHost.exe'} 
{'username': 'MAHESH\\mahes', 'pid': 3320, 'name': 'Widgets.exe'} 
{'username': None, 'pid': 3476, 'name': 'svchost.exe'} 
{'username': 'MAHESH\\mahes', 'pid': 3484, 'name': 'svchost.exe'} 
{'username': None, 'pid': 3576, 'name': 'svchost.exe'} 
{'username': None, 'pid': 3612, 'name': 'svchost.exe'} 
{'username': None, 'pid': 3652, 'name': 'svchost.exe'} 
{'username': None, 'pid': 3692, 'name': 'svchost.exe'} 
{'username': None, 'pid': 3792, 'name': 'svchost.exe'} 
{'username': None, 'pid': 3840, 'name': 'svchost.exe'} 
{'username': None, 'pid': 3868, 'name': 'AsusOptimization.exe'} 
{'username': None, 'pid': 3876, 'name': 'svchost.exe'} 
{'username': None, 'pid': 3972, 'name': 'WmiPrvSE.exe'} 
{'username': 'MAHESH\\mahes', 'pid': 3988, 'name': 'RuntimeBroker.exe'} 
{'username': None, 'pid': 4080, 'name': 'spoolsv.exe'} 
{'username': None, 'pid': 4108, 'name': 'wlanext.exe'} 
{'username': None, 'pid': 4124, 'name': 'conhost.exe'} 
{'username': 'MAHESH\\mahes', 'pid': 4144, 'name': 'msedgewebview2.exe'} 
{'username': None, 'pid': 4208, 'name': 'asus_framework.exe'} 
{'username': None, 'pid': 4260, 'name': 'svchost.exe'} 
{'username': None, 'pid': 4332, 'name': 'svchost.exe'} 
{'username': None, 'pid': 4452, 'name': 'AsusAppService.exe'} 
{'username': None, 'pid': 4460, 'name': 'ArmouryCrateControlInterface.exe'} 
{'username': None, 'pid': 4468, 'name': 'AsusSoftwareManager.exe'} 
{'username': None, 'pid': 4476, 'name': 'OneApp.IGCC.WinService.exe'} 
{'username': None, 'pid': 4484, 'name': 'svchost.exe'} 
{'username': None, 'pid': 4492, 'name': 'AsusSystemDiagnosis.exe'} 
{'username': None, 'pid': 4500, 'name': 'AuraWallpaperService.exe'} 
{'username': None, 'pid': 4512, 'name': 'svchost.exe'} 
{'username': None, 'pid': 4524, 'name': 'svchost.exe'} 
{'username': None, 'pid': 4536, 'name': 'svchost.exe'} 
{'username': None, 'pid': 4540, 'name': 'DtsApo4Service.exe'} 
{'username': None, 'pid': 4556, 'name': 'AsusSwitch.exe'} 
{'username': None, 'pid': 4564, 'name': 'ArmouryCrate.Service.exe'} 
{'username': None, 'pid': 4572, 'name': 'svchost.exe'} 
{'username': None, 'pid': 4588, 'name': 'IntelAudioService.exe'} 
{'username': None, 'pid': 4596, 'name': 'svchost.exe'} 
{'username': None, 'pid': 4604, 'name': 'GameSDK.exe'} 
{'username': None, 'pid': 4608, 'name': 'AnyDesk.exe'} 
{'username': 'MAHESH\\mahes', 'pid': 4632, 'name': 'msedge.exe'} 
{'username': None, 'pid': 4660, 'name': 'esif_uf.exe'} 
{'username': None, 'pid': 4740, 'name': 'AsusSystemAnalysis.exe'} 
{'username': 'MAHESH\\mahes', 'pid': 4768, 'name': 'CptHost.exe'} 
{'username': None, 'pid': 4840, 'name': 'svchost.exe'} 
{'username': None, 'pid': 4876, 'name': 'svchost.exe'} 
{'username': None, 'pid': 4904, 'name': 'LightingService.exe'} 
{'username': None, 'pid': 4932, 'name': 'servicehost.exe'} 
{'username': None, 'pid': 4956, 'name': 'mongod.exe'} 
{'username': None, 'pid': 4988, 'name': 'mc-fw-host.exe'} 
{'username': None, 'pid': 5004, 'name': 'ROGLiveService.exe'} 
{'username': None, 'pid': 5012, 'name': 'RtkAudUService64.exe'} 
{'username': None, 'pid': 5040, 'name': 'RstMwService.exe'} 
{'username': None, 'pid': 5056, 'name': 'TbtP2pShortcutService.exe'} 
{'username': None, 'pid': 5064, 'name': 'svchost.exe'} 
{'username': None, 'pid': 5072, 'name': 'svchost.exe'} 
{'username': None, 'pid': 5080, 'name': 'svchost.exe'} 
{'username': None, 'pid': 5088, 'name': 'WMIRegistrationService.exe'} 
{'username': None, 'pid': 5132, 'name': 'svchost.exe'} 
{'username': None, 'pid': 5444, 'name': 'jhi_service.exe'} 
{'username': 'MAHESH\\mahes', 'pid': 5484, 'name': 'Code.exe'} 
{'username': None, 'pid': 5712, 'name': 'svchost.exe'} 
{'username': 'MAHESH\\mahes', 'pid': 5756, 'name': 'SearchHost.exe'} 
{'username': 'MAHESH\\mahes', 'pid': 5852, 'name': 'cmd.exe'} 
{'username': None, 'pid': 5856, 'name': 'dasHost.exe'} 
{'username': None, 'pid': 6096, 'name': 'svchost.exe'} 
{'username': 'MAHESH\\mahes', 'pid': 6488, 'name': 'msedgewebview2.exe'} 
{'username': 'MAHESH\\mahes', 'pid': 6516, 'name': 'Code.exe'} 
{'username': 'MAHESH\\mahes', 'pid': 6836, 'name': 'msedge.exe'} 
{'username': 'MAHESH\\mahes', 'pid': 6940, 'name': 'SystemSettings.exe'} 
{'username': 'MAHESH\\mahes', 'pid': 7240, 'name': 'RuntimeBroker.exe'} 
{'username': None, 'pid': 7508, 'name': 'dasHost.exe'} 
{'username': 'MAHESH\\mahes', 'pid': 7592, 'name': 'powershell.exe'} 
{'username': 'MAHESH\\mahes', 'pid': 7620, 'name': 'msedge.exe'} 
{'username': None, 'pid': 7624, 'name': 'svchost.exe'} 
{'username': 'MAHESH\\mahes', 'pid': 8160, 'name': 'svchost.exe'} 
{'username': None, 'pid': 8280, 'name': 'svchost.exe'} 
{'username': 'MAHESH\\mahes', 'pid': 8424, 'name': 'TextInputHost.exe'} 
{'username': 'MAHESH\\mahes', 'pid': 8540, 'name': 'git.exe'} 
{'username': 'MAHESH\\mahes', 'pid': 8636, 'name': 'ShellExperienceHost.exe'} 
{'username': 'MAHESH\\mahes', 'pid': 8696, 'name': 'sihost.exe'} 
{'username': 'MAHESH\\mahes', 'pid': 8828, 'name': 'uihost.exe'} 
{'username': None, 'pid': 8844, 'name': 'AggregatorHost.exe'} 
{'username': 'MAHESH\\mahes', 'pid': 8868, 'name': 'ctfmon.exe'} 
{'username': None, 'pid': 8928, 'name': 'unsecapp.exe'} 
{'username': 'MAHESH\\mahes', 'pid': 8952, 'name': 'SystemSettingsBroker.exe'} 
{'username': 'MAHESH\\mahes', 'pid': 9296, 'name': 'Code.exe'} 
{'username': 'MAHESH\\mahes', 'pid': 9400, 'name': 'AsusOptimizationStartupTask.exe'} 
{'username': None, 'pid': 9444, 'name': 'svchost.exe'} 
{'username': None, 'pid': 9452, 'name': 'mc-neo-host.exe'} 
{'username': None, 'pid': 9460, 'name': 'svchost.exe'} 
{'username': None, 'pid': 9508, 'name': 'svchost.exe'} 
{'username': None, 'pid': 9676, 'name': 'audiodg.exe'} 
{'username': None, 'pid': 9760, 'name': 'svchost.exe'} 
{'username': 'MAHESH\\mahes', 'pid': 9832, 'name': 'AppVShNotify.exe'} 
{'username': 'MAHESH\\mahes', 'pid': 9836, 'name': 'ArmourySwAgent.exe'} 
{'username': 'MAHESH\\mahes', 'pid': 9940, 'name': 'igfxEMN.exe'} 
{'username': None, 'pid': 9944, 'name': 'svchost.exe'} 
{'username': 'MAHESH\\mahes', 'pid': 9952, 'name': 'svchost.exe'} 
{'username': 'MAHESH\\mahes', 'pid': 9996, 'name': 'Code.exe'} 
{'username': 'MAHESH\\mahes', 'pid': 10108, 'name': 'Code.exe'} 
{'username': None, 'pid': 10144, 'name': 'svchost.exe'} 
{'username': 'MAHESH\\mahes', 'pid': 10288, 'name': 'svchost.exe'} 
{'username': 'MAHESH\\mahes', 'pid': 10300, 'name': 'OpenConsole.exe'} 
{'username': 'MAHESH\\mahes', 'pid': 10324, 'name': 'mc-fw-host.exe'} 
{'username': 'MAHESH\\mahes', 'pid': 10560, 'name': 'svchost.exe'} 
{'username': 'MAHESH\\mahes', 'pid': 10612, 'name': 'Zoom.exe'} 
{'username': 'MAHESH\\mahes', 'pid': 10648, 'name': 'taskhostw.exe'} 
{'username': 'MAHESH\\mahes', 'pid': 10668, 'name': 'AsMonitorControl.exe'} 
{'username': None, 'pid': 10684, 'name': 'svchost.exe'} 
{'username': 'MAHESH\\mahes', 'pid': 10708, 'name': 'AsHotplugCtrl.exe'} 
{'username': 'MAHESH\\mahes', 'pid': 10744, 'name': 'AcPowerNotification.exe'} 
{'username': 'MAHESH\\mahes', 'pid': 10764, 'name': 'ArmourySocketServer.exe'} 
{'username': 'MAHESH\\mahes', 'pid': 10948, 'name': 'asus_framework.exe'} 
{'username': 'MAHESH\\mahes', 'pid': 11032, 'name': 'ASUSSmartDisplayControl.exe'} 
{'username': None, 'pid': 11196, 'name': 'asus_framework.exe'} 
{'username': 'MAHESH\\mahes', 'pid': 11312, 'name': 'Code.exe'} 
{'username': 'MAHESH\\mahes', 'pid': 11376, 'name': 'msedge.exe'} 
{'username': 'MAHESH\\mahes', 'pid': 11380, 'name': 'explorer.exe'} 
{'username': None, 'pid': 11412, 'name': 'svchost.exe'} 
{'username': 'MAHESH\\mahes', 'pid': 11780, 'name': 'ArmouryHtmlDebugServer.exe'} 
{'username': 'MAHESH\\mahes', 'pid': 11984, 'name': 'msedge.exe'} 
{'username': 'MAHESH\\mahes', 'pid': 12068, 'name': 'UserOOBEBroker.exe'} 
{'username': None, 'pid': 12188, 'name': 'svchost.exe'} 
{'username': 'MAHESH\\mahes', 'pid': 12356, 'name': 'RtkAudUService64.exe'} 
{'username': 'MAHESH\\mahes', 'pid': 12416, 'name': 'AsusOSD.exe'} 
{'username': 'MAHESH\\mahes', 'pid': 12432, 'name': 'AnyDesk.exe'} 
{'username': 'MAHESH\\mahes', 'pid': 12732, 'name': 'Code.exe'} 
{'username': None, 'pid': 12740, 'name': 'SearchIndexer.exe'} 
{'username': None, 'pid': 12748, 'name': 'svchost.exe'} 
{'username': None, 'pid': 13192, 'name': 'svchost.exe'} 
{'username': 'MAHESH\\mahes', 'pid': 13264, 'name': 'AutoConnectHelper.exe'} 
{'username': 'MAHESH\\mahes', 'pid': 13316, 'name': 'RuntimeBroker.exe'} 
{'username': 'MAHESH\\mahes', 'pid': 13540, 'name': 'WidgetService.exe'} 
{'username': 'MAHESH\\mahes', 'pid': 13636, 'name': 'svchost.exe'} 
{'username': None, 'pid': 13648, 'name': 'svchost.exe'} 
{'username': 'MAHESH\\mahes', 'pid': 13732, 'name': 'svchost.exe'} 
{'username': 'MAHESH\\mahes', 'pid': 13876, 'name': 'Code.exe'} 
{'username': 'MAHESH\\mahes', 'pid': 14016, 'name': 'conhost.exe'} 
{'username': 'MAHESH\\mahes', 'pid': 14060, 'name': 'SecurityHealthSystray.exe'} 
{'username': 'MAHESH\\mahes', 'pid': 14132, 'name': 'dllhost.exe'} 
{'username': 'MAHESH\\mahes', 'pid': 14268, 'name': 'AsusSystemAnalysis.exe'} 
{'username': 'MAHESH\\mahes', 'pid': 14292, 'name': 'RuntimeBroker.exe'} 
{'username': 'MAHESH\\mahes', 'pid': 14308, 'name': 'conhost.exe'} 
{'username': 'MAHESH\\mahes', 'pid': 14332, 'name': 'conhost.exe'} 
{'username': 'MAHESH\\mahes', 'pid': 14404, 'name': 'Code.exe'} 
{'username': None, 'pid': 14424, 'name': 'svchost.exe'} 
{'username': 'MAHESH\\mahes', 'pid': 14588, 'name': 'svchost.exe'} 
{'username': 'MAHESH\\mahes', 'pid': 14652, 'name': 'msedgewebview2.exe'} 
{'username': None, 'pid': 14680, 'name': 'svchost.exe'} 
{'username': 'MAHESH\\mahes', 'pid': 14704, 'name': 'WhatsApp.exe'} 
{'username': 'MAHESH\\mahes', 'pid': 14764, 'name': 'msedge.exe'} 
{'username': 'MAHESH\\mahes', 'pid': 14888, 'name': 'msedge.exe'} 
{'username': None, 'pid': 15104, 'name': 'OfficeClickToRun.exe'} 
{'username': 'MAHESH\\mahes', 'pid': 15180, 'name': 'Zoom.exe'} 
{'username': 'MAHESH\\mahes', 'pid': 15488, 'name': 'Code.exe'} 
{'username': 'MAHESH\\mahes', 'pid': 15508, 'name': 'RtkAudUService64.exe'} 
{'username': 'MAHESH\\mahes', 'pid': 15876, 'name': 'LocationNotificationWindows.exe'} 
{'username': 'MAHESH\\mahes', 'pid': 15920, 'name': 'git.exe'} 
{'username': None, 'pid': 16000, 'name': 'svchost.exe'} 
{'username': 'MAHESH\\mahes', 'pid': 16052, 'name': 'python.exe'} 
{'username': 'MAHESH\\mahes', 'pid': 16200, 'name': 'msedge.exe'} 
{'username': None, 'pid': 16212, 'name': 'SecurityHealthService.exe'} 
{'username': 'MAHESH\\mahes', 'pid': 16228, 'name': 'FileCoAuth.exe'} 
{'username': None, 'pid': 16268, 'name': 'svchost.exe'} 
{'username': 'MAHESH\\mahes', 'pid': 16320, 'name': 'ApplicationFrameHost.exe'} 
{'username': None, 'pid': 16620, 'name': 'svchost.exe'} 
{'username': 'MAHESH\\mahes', 'pid': 16652, 'name': 'msedge.exe'} 
{'username': 'MAHESH\\mahes', 'pid': 16832, 'name': 'msedge.exe'} 
{'username': 'MAHESH\\mahes', 'pid': 16952, 'name': 'conhost.exe'} 
{'username': 'MAHESH\\mahes', 'pid': 17160, 'name': 'msedge.exe'} 
{'username': None, 'pid': 17292, 'name': 'svchost.exe'} 
{'username': 'MAHESH\\mahes', 'pid': 17312, 'name': 'WindowsTerminal.exe'} 
{'username': None, 'pid': 17348, 'name': 'svchost.exe'} 
{'username': 'MAHESH\\mahes', 'pid': 17404, 'name': 'RuntimeBroker.exe'} 
{'username': 'MAHESH\\mahes', 'pid': 17492, 'name': 'msedgewebview2.exe'} 
{'username': None, 'pid': 17532, 'name': 'svchost.exe'} 
{'username': 'MAHESH\\mahes', 'pid': 17752, 'name': 'RuntimeBroker.exe'} 
{'username': 'MAHESH\\mahes', 'pid': 17896, 'name': 'git.exe'} 
{'username': None, 'pid': 18272, 'name': 'svchost.exe'} 
{'username': 'MAHESH\\mahes', 'pid': 18388, 'name': 'asus_framework.exe'} 
{'username': 'MAHESH\\mahes', 'pid': 18464, 'name': 'dllhost.exe'} 
{'username': 'MAHESH\\mahes', 'pid': 18528, 'name': 'Code.exe'} 
{'username': None, 'pid': 18596, 'name': 'svchost.exe'} 
{'username': 'MAHESH\\mahes', 'pid': 19508, 'name': 'msedgewebview2.exe'} 
{'username': 'MAHESH\\mahes', 'pid': 19804, 'name': 'powershell.exe'} 
{'username': None, 'pid': 19976, 'name': 'svchost.exe'} 
CONTENTS OF LOG FILE

----------------------------------------------------------------------
----------------------------------------------------------------------
Marvellous Process Log
Log file created at : Sun Jun  2 09:50:38 2024
----------------------------------------------------------------------
{'username': 'NT AUTHORITY\\SYSTEM', 'pid': 0, 'name': 'System Idle Process'} 
{'username': 'NT AUTHORITY\\SYSTEM', 'pid': 4, 'name': 'System'} 
{'username': None, 'pid': 140, 'name': ''} 
{'username': None, 'pid': 176, 'name': 'Registry'} 
{'username': None, 'pid': 640, 'name': 'smss.exe'} 
{'username': None, 'pid': 664, 'name': 'csrss.exe'} 
{'username': 'MAHESH\\mahes', 'pid': 728, 'name': 'Code.exe'} 
{'username': None, 'pid': 1100, 'name': 'wininit.exe'} 
{'username': None, 'pid': 1108, 'name': 'csrss.exe'} 
{'username': None, 'pid': 1172, 'name': 'services.exe'} 
{'username': None, 'pid': 1192, 'name': 'LsaIso.exe'} 
{'username': None, 'pid': 1208, 'name': 'lsass.exe'} 
{'username': None, 'pid': 1220, 'name': 'svchost.exe'} 
{'username': None, 'pid': 1280, 'name': 'IntelCpHDCPSvc.exe'} 
{'username': 'MAHESH\\mahes', 'pid': 1316, 'name': 'msedgewebview2.exe'} 
{'username': None, 'pid': 1332, 'name': 'svchost.exe'} 
{'username': None, 'pid': 1360, 'name': 'WUDFHost.exe'} 
{'username': None, 'pid': 1380, 'name': 'fontdrvhost.exe'} 
{'username': None, 'pid': 1468, 'name': 'svchost.exe'} 
{'username': None, 'pid': 1516, 'name': 'svchost.exe'} 
{'username': None, 'pid': 1568, 'name': 'WUDFHost.exe'} 
{'username': None, 'pid': 1636, 'name': 'winlogon.exe'} 
{'username': 'MAHESH\\mahes', 'pid': 1652, 'name': 'OneDrive.exe'} 
{'username': None, 'pid': 1688, 'name': 'fontdrvhost.exe'} 
{'username': None, 'pid': 1728, 'name': 'svchost.exe'} 
{'username': None, 'pid': 1776, 'name': 'svchost.exe'} 
{'username': None, 'pid': 1788, 'name': 'svchost.exe'} 
{'username': None, 'pid': 1852, 'name': 'dwm.exe'} 
{'username': None, 'pid': 1876, 'name': 'svchost.exe'} 
{'username': None, 'pid': 1892, 'name': 'svchost.exe'} 
{'username': None, 'pid': 1964, 'name': 'svchost.exe'} 
{'username': None, 'pid': 1972, 'name': 'svchost.exe'} 
{'username': 'MAHESH\\mahes', 'pid': 1996, 'name': 'svchost.exe'} 
{'username': None, 'pid': 2108, 'name': 'svchost.exe'} 
{'username': None, 'pid': 2220, 'name': 'svchost.exe'} 
{'username': 'MAHESH\\mahes', 'pid': 2324, 'name': 'ACCIMonitor.exe'} 
{'username': 'MAHESH\\mahes', 'pid': 2328, 'name': 'ArmouryCrate.UserSessionHelper.exe'} 
{'username': None, 'pid': 2376, 'name': 'NVDisplay.Container.exe'} 
{'username': None, 'pid': 2416, 'name': 'svchost.exe'} 
{'username': None, 'pid': 2424, 'name': 'igfxCUIServiceN.exe'} 
{'username': None, 'pid': 2444, 'name': 'svchost.exe'} 
{'username': None, 'pid': 2484, 'name': 'svchost.exe'} 
{'username': None, 'pid': 2608, 'name': 'svchost.exe'} 
{'username': None, 'pid': 2656, 'name': 'svchost.exe'} 
{'username': 'MAHESH\\mahes', 'pid': 2668, 'name': 'conhost.exe'} 
{'username': None, 'pid': 2752, 'name': 'svchost.exe'} 
{'username': None, 'pid': 2884, 'name': 'NVDisplay.Container.exe'} 
{'username': 'MAHESH\\mahes', 'pid': 2912, 'name': 'AsusSoftwareManagerAgent.exe'} 
{'username': None, 'pid': 2948, 'name': 'svchost.exe'} 
{'username': None, 'pid': 2956, 'name': 'AsusCertService.exe'} 
{'username': None, 'pid': 3012, 'name': 'svchost.exe'} 
{'username': None, 'pid': 3048, 'name': 'svchost.exe'} 
{'username': None, 'pid': 3056, 'name': 'svchost.exe'} 
{'username': None, 'pid': 3064, 'name': 'svchost.exe'} 
{'username': None, 'pid': 3120, 'name': 'svchost.exe'} 
{'username': None, 'pid': 3128, 'name': 'svchost.exe'} 
{'username': None, 'pid': 3172, 'name': 'MemCompression'} 
{'username': None, 'pid': 3276, 'name': 'svchost.exe'} 
{'username': 'MAHESH\\mahes', 'pid': 3304, 'name': 'StartMenuExperienceHost.exe'} 
{'username': 'MAHESH\\mahes', 'pid': 3320, 'name': 'Widgets.exe'} 
{'username': None, 'pid': 3476, 'name': 'svchost.exe'} 
{'username': 'MAHESH\\mahes', 'pid': 3484, 'name': 'svchost.exe'} 
{'username': None, 'pid': 3576, 'name': 'svchost.exe'} 
{'username': None, 'pid': 3612, 'name': 'svchost.exe'} 
{'username': None, 'pid': 3652, 'name': 'svchost.exe'} 
{'username': None, 'pid': 3692, 'name': 'svchost.exe'} 
{'username': None, 'pid': 3792, 'name': 'svchost.exe'} 
{'username': None, 'pid': 3840, 'name': 'svchost.exe'} 
{'username': None, 'pid': 3868, 'name': 'AsusOptimization.exe'} 
{'username': None, 'pid': 3876, 'name': 'svchost.exe'} 
{'username': None, 'pid': 3972, 'name': 'WmiPrvSE.exe'} 
{'username': 'MAHESH\\mahes', 'pid': 3988, 'name': 'RuntimeBroker.exe'} 
{'username': None, 'pid': 4080, 'name': 'spoolsv.exe'} 
{'username': None, 'pid': 4108, 'name': 'wlanext.exe'} 
{'username': None, 'pid': 4124, 'name': 'conhost.exe'} 
{'username': 'MAHESH\\mahes', 'pid': 4144, 'name': 'msedgewebview2.exe'} 
{'username': None, 'pid': 4208, 'name': 'asus_framework.exe'} 
{'username': None, 'pid': 4260, 'name': 'svchost.exe'} 
{'username': None, 'pid': 4332, 'name': 'svchost.exe'} 
{'username': None, 'pid': 4452, 'name': 'AsusAppService.exe'} 
{'username': None, 'pid': 4460, 'name': 'ArmouryCrateControlInterface.exe'} 
{'username': None, 'pid': 4468, 'name': 'AsusSoftwareManager.exe'} 
{'username': None, 'pid': 4476, 'name': 'OneApp.IGCC.WinService.exe'} 
{'username': None, 'pid': 4484, 'name': 'svchost.exe'} 
{'username': None, 'pid': 4492, 'name': 'AsusSystemDiagnosis.exe'} 
{'username': None, 'pid': 4500, 'name': 'AuraWallpaperService.exe'} 
{'username': None, 'pid': 4512, 'name': 'svchost.exe'} 
{'username': None, 'pid': 4524, 'name': 'svchost.exe'} 
{'username': None, 'pid': 4536, 'name': 'svchost.exe'} 
{'username': None, 'pid': 4540, 'name': 'DtsApo4Service.exe'} 
{'username': None, 'pid': 4556, 'name': 'AsusSwitch.exe'} 
{'username': None, 'pid': 4564, 'name': 'ArmouryCrate.Service.exe'} 
{'username': None, 'pid': 4572, 'name': 'svchost.exe'} 
{'username': None, 'pid': 4588, 'name': 'IntelAudioService.exe'} 
{'username': None, 'pid': 4596, 'name': 'svchost.exe'} 
{'username': None, 'pid': 4604, 'name': 'GameSDK.exe'} 
{'username': None, 'pid': 4608, 'name': 'AnyDesk.exe'} 
{'username': 'MAHESH\\mahes', 'pid': 4632, 'name': 'msedge.exe'} 
{'username': None, 'pid': 4660, 'name': 'esif_uf.exe'} 
{'username': None, 'pid': 4740, 'name': 'AsusSystemAnalysis.exe'} 
{'username': 'MAHESH\\mahes', 'pid': 4768, 'name': 'CptHost.exe'} 
{'username': None, 'pid': 4840, 'name': 'svchost.exe'} 
{'username': None, 'pid': 4876, 'name': 'svchost.exe'} 
{'username': None, 'pid': 4904, 'name': 'LightingService.exe'} 
{'username': None, 'pid': 4932, 'name': 'servicehost.exe'} 
{'username': None, 'pid': 4956, 'name': 'mongod.exe'} 
{'username': None, 'pid': 4988, 'name': 'mc-fw-host.exe'} 
{'username': None, 'pid': 5004, 'name': 'ROGLiveService.exe'} 
{'username': None, 'pid': 5012, 'name': 'RtkAudUService64.exe'} 
{'username': None, 'pid': 5040, 'name': 'RstMwService.exe'} 
{'username': None, 'pid': 5056, 'name': 'TbtP2pShortcutService.exe'} 
{'username': None, 'pid': 5064, 'name': 'svchost.exe'} 
{'username': None, 'pid': 5072, 'name': 'svchost.exe'} 
{'username': None, 'pid': 5080, 'name': 'svchost.exe'} 
{'username': None, 'pid': 5088, 'name': 'WMIRegistrationService.exe'} 
{'username': None, 'pid': 5132, 'name': 'svchost.exe'} 
{'username': None, 'pid': 5444, 'name': 'jhi_service.exe'} 
{'username': 'MAHESH\\mahes', 'pid': 5484, 'name': 'Code.exe'} 
{'username': None, 'pid': 5712, 'name': 'svchost.exe'} 
{'username': 'MAHESH\\mahes', 'pid': 5756, 'name': 'SearchHost.exe'} 
{'username': 'MAHESH\\mahes', 'pid': 5852, 'name': 'cmd.exe'} 
{'username': None, 'pid': 5856, 'name': 'dasHost.exe'} 
{'username': None, 'pid': 6096, 'name': 'svchost.exe'} 
{'username': 'MAHESH\\mahes', 'pid': 6488, 'name': 'msedgewebview2.exe'} 
{'username': 'MAHESH\\mahes', 'pid': 6516, 'name': 'Code.exe'} 
{'username': 'MAHESH\\mahes', 'pid': 6836, 'name': 'msedge.exe'} 
{'username': 'MAHESH\\mahes', 'pid': 6940, 'name': 'SystemSettings.exe'} 
{'username': 'MAHESH\\mahes', 'pid': 7240, 'name': 'RuntimeBroker.exe'} 
{'username': None, 'pid': 7508, 'name': 'dasHost.exe'} 
{'username': 'MAHESH\\mahes', 'pid': 7592, 'name': 'powershell.exe'} 
{'username': 'MAHESH\\mahes', 'pid': 7620, 'name': 'msedge.exe'} 
{'username': None, 'pid': 7624, 'name': 'svchost.exe'} 
{'username': 'MAHESH\\mahes', 'pid': 8160, 'name': 'svchost.exe'} 
{'username': None, 'pid': 8280, 'name': 'svchost.exe'} 
{'username': 'MAHESH\\mahes', 'pid': 8424, 'name': 'TextInputHost.exe'} 
{'username': 'MAHESH\\mahes', 'pid': 8540, 'name': 'git.exe'} 
{'username': 'MAHESH\\mahes', 'pid': 8636, 'name': 'ShellExperienceHost.exe'} 
{'username': 'MAHESH\\mahes', 'pid': 8696, 'name': 'sihost.exe'} 
{'username': 'MAHESH\\mahes', 'pid': 8828, 'name': 'uihost.exe'} 
{'username': None, 'pid': 8844, 'name': 'AggregatorHost.exe'} 
{'username': 'MAHESH\\mahes', 'pid': 8868, 'name': 'ctfmon.exe'} 
{'username': None, 'pid': 8928, 'name': 'unsecapp.exe'} 
{'username': 'MAHESH\\mahes', 'pid': 8952, 'name': 'SystemSettingsBroker.exe'} 
{'username': 'MAHESH\\mahes', 'pid': 9296, 'name': 'Code.exe'} 
{'username': 'MAHESH\\mahes', 'pid': 9400, 'name': 'AsusOptimizationStartupTask.exe'} 
{'username': None, 'pid': 9444, 'name': 'svchost.exe'} 
{'username': None, 'pid': 9452, 'name': 'mc-neo-host.exe'} 
{'username': None, 'pid': 9460, 'name': 'svchost.exe'} 
{'username': None, 'pid': 9508, 'name': 'svchost.exe'} 
{'username': None, 'pid': 9676, 'name': 'audiodg.exe'} 
{'username': None, 'pid': 9760, 'name': 'svchost.exe'} 
{'username': 'MAHESH\\mahes', 'pid': 9832, 'name': 'AppVShNotify.exe'} 
{'username': 'MAHESH\\mahes', 'pid': 9836, 'name': 'ArmourySwAgent.exe'} 
{'username': 'MAHESH\\mahes', 'pid': 9940, 'name': 'igfxEMN.exe'} 
{'username': None, 'pid': 9944, 'name': 'svchost.exe'} 
{'username': 'MAHESH\\mahes', 'pid': 9952, 'name': 'svchost.exe'} 
{'username': 'MAHESH\\mahes', 'pid': 9996, 'name': 'Code.exe'} 
{'username': 'MAHESH\\mahes', 'pid': 10108, 'name': 'Code.exe'} 
{'username': None, 'pid': 10144, 'name': 'svchost.exe'} 
{'username': 'MAHESH\\mahes', 'pid': 10288, 'name': 'svchost.exe'} 
{'username': 'MAHESH\\mahes', 'pid': 10300, 'name': 'OpenConsole.exe'} 
{'username': 'MAHESH\\mahes', 'pid': 10324, 'name': 'mc-fw-host.exe'} 
{'username': 'MAHESH\\mahes', 'pid': 10560, 'name': 'svchost.exe'} 
{'username': 'MAHESH\\mahes', 'pid': 10612, 'name': 'Zoom.exe'} 
{'username': 'MAHESH\\mahes', 'pid': 10648, 'name': 'taskhostw.exe'} 
{'username': 'MAHESH\\mahes', 'pid': 10668, 'name': 'AsMonitorControl.exe'} 
{'username': None, 'pid': 10684, 'name': 'svchost.exe'} 
{'username': 'MAHESH\\mahes', 'pid': 10708, 'name': 'AsHotplugCtrl.exe'} 
{'username': 'MAHESH\\mahes', 'pid': 10744, 'name': 'AcPowerNotification.exe'} 
{'username': 'MAHESH\\mahes', 'pid': 10764, 'name': 'ArmourySocketServer.exe'} 
{'username': 'MAHESH\\mahes', 'pid': 10948, 'name': 'asus_framework.exe'} 
{'username': 'MAHESH\\mahes', 'pid': 11032, 'name': 'ASUSSmartDisplayControl.exe'} 
{'username': None, 'pid': 11196, 'name': 'asus_framework.exe'} 
{'username': 'MAHESH\\mahes', 'pid': 11312, 'name': 'Code.exe'} 
{'username': 'MAHESH\\mahes', 'pid': 11376, 'name': 'msedge.exe'} 
{'username': 'MAHESH\\mahes', 'pid': 11380, 'name': 'explorer.exe'} 
{'username': None, 'pid': 11412, 'name': 'svchost.exe'} 
{'username': 'MAHESH\\mahes', 'pid': 11780, 'name': 'ArmouryHtmlDebugServer.exe'} 
{'username': 'MAHESH\\mahes', 'pid': 11984, 'name': 'msedge.exe'} 
{'username': 'MAHESH\\mahes', 'pid': 12068, 'name': 'UserOOBEBroker.exe'} 
{'username': None, 'pid': 12188, 'name': 'svchost.exe'} 
{'username': 'MAHESH\\mahes', 'pid': 12356, 'name': 'RtkAudUService64.exe'} 
{'username': 'MAHESH\\mahes', 'pid': 12416, 'name': 'AsusOSD.exe'} 
{'username': 'MAHESH\\mahes', 'pid': 12432, 'name': 'AnyDesk.exe'} 
{'username': 'MAHESH\\mahes', 'pid': 12732, 'name': 'Code.exe'} 
{'username': None, 'pid': 12740, 'name': 'SearchIndexer.exe'} 
{'username': None, 'pid': 12748, 'name': 'svchost.exe'} 
{'username': None, 'pid': 13192, 'name': 'svchost.exe'} 
{'username': 'MAHESH\\mahes', 'pid': 13264, 'name': 'AutoConnectHelper.exe'} 
{'username': 'MAHESH\\mahes', 'pid': 13316, 'name': 'RuntimeBroker.exe'} 
{'username': 'MAHESH\\mahes', 'pid': 13540, 'name': 'WidgetService.exe'} 
{'username': 'MAHESH\\mahes', 'pid': 13636, 'name': 'svchost.exe'} 
{'username': None, 'pid': 13648, 'name': 'svchost.exe'} 
{'username': 'MAHESH\\mahes', 'pid': 13732, 'name': 'svchost.exe'} 
{'username': 'MAHESH\\mahes', 'pid': 13876, 'name': 'Code.exe'} 
{'username': 'MAHESH\\mahes', 'pid': 14016, 'name': 'conhost.exe'} 
{'username': 'MAHESH\\mahes', 'pid': 14060, 'name': 'SecurityHealthSystray.exe'} 
{'username': 'MAHESH\\mahes', 'pid': 14132, 'name': 'dllhost.exe'} 
{'username': 'MAHESH\\mahes', 'pid': 14268, 'name': 'AsusSystemAnalysis.exe'} 
{'username': 'MAHESH\\mahes', 'pid': 14292, 'name': 'RuntimeBroker.exe'} 
{'username': 'MAHESH\\mahes', 'pid': 14308, 'name': 'conhost.exe'} 
{'username': 'MAHESH\\mahes', 'pid': 14332, 'name': 'conhost.exe'} 
{'username': 'MAHESH\\mahes', 'pid': 14404, 'name': 'Code.exe'} 
{'username': None, 'pid': 14424, 'name': 'svchost.exe'} 
{'username': 'MAHESH\\mahes', 'pid': 14588, 'name': 'svchost.exe'} 
{'username': 'MAHESH\\mahes', 'pid': 14652, 'name': 'msedgewebview2.exe'} 
{'username': None, 'pid': 14680, 'name': 'svchost.exe'} 
{'username': 'MAHESH\\mahes', 'pid': 14704, 'name': 'WhatsApp.exe'} 
{'username': 'MAHESH\\mahes', 'pid': 14764, 'name': 'msedge.exe'} 
{'username': 'MAHESH\\mahes', 'pid': 14888, 'name': 'msedge.exe'} 
{'username': None, 'pid': 15104, 'name': 'OfficeClickToRun.exe'} 
{'username': 'MAHESH\\mahes', 'pid': 15180, 'name': 'Zoom.exe'} 
{'username': 'MAHESH\\mahes', 'pid': 15488, 'name': 'Code.exe'} 
{'username': 'MAHESH\\mahes', 'pid': 15508, 'name': 'RtkAudUService64.exe'} 
{'username': 'MAHESH\\mahes', 'pid': 15876, 'name': 'LocationNotificationWindows.exe'} 
{'username': 'MAHESH\\mahes', 'pid': 15920, 'name': 'git.exe'} 
{'username': None, 'pid': 16000, 'name': 'svchost.exe'} 
{'username': 'MAHESH\\mahes', 'pid': 16052, 'name': 'python.exe'} 
{'username': 'MAHESH\\mahes', 'pid': 16200, 'name': 'msedge.exe'} 
{'username': None, 'pid': 16212, 'name': 'SecurityHealthService.exe'} 
{'username': 'MAHESH\\mahes', 'pid': 16228, 'name': 'FileCoAuth.exe'} 
{'username': None, 'pid': 16268, 'name': 'svchost.exe'} 
{'username': 'MAHESH\\mahes', 'pid': 16320, 'name': 'ApplicationFrameHost.exe'} 
{'username': None, 'pid': 16620, 'name': 'svchost.exe'} 
{'username': 'MAHESH\\mahes', 'pid': 16652, 'name': 'msedge.exe'} 
{'username': 'MAHESH\\mahes', 'pid': 16832, 'name': 'msedge.exe'} 
{'username': 'MAHESH\\mahes', 'pid': 16952, 'name': 'conhost.exe'} 
{'username': 'MAHESH\\mahes', 'pid': 17160, 'name': 'msedge.exe'} 
{'username': None, 'pid': 17292, 'name': 'svchost.exe'} 
{'username': 'MAHESH\\mahes', 'pid': 17312, 'name': 'WindowsTerminal.exe'} 
{'username': None, 'pid': 17348, 'name': 'svchost.exe'} 
{'username': 'MAHESH\\mahes', 'pid': 17404, 'name': 'RuntimeBroker.exe'} 
{'username': 'MAHESH\\mahes', 'pid': 17492, 'name': 'msedgewebview2.exe'} 
{'username': None, 'pid': 17532, 'name': 'svchost.exe'} 
{'username': 'MAHESH\\mahes', 'pid': 17752, 'name': 'RuntimeBroker.exe'} 
{'username': 'MAHESH\\mahes', 'pid': 17896, 'name': 'git.exe'} 
{'username': None, 'pid': 18272, 'name': 'svchost.exe'} 
{'username': 'MAHESH\\mahes', 'pid': 18388, 'name': 'asus_framework.exe'} 
{'username': 'MAHESH\\mahes', 'pid': 18464, 'name': 'dllhost.exe'} 
{'username': 'MAHESH\\mahes', 'pid': 18528, 'name': 'Code.exe'} 
{'username': None, 'pid': 18596, 'name': 'svchost.exe'} 
{'username': 'MAHESH\\mahes', 'pid': 19508, 'name': 'msedgewebview2.exe'} 
{'username': 'MAHESH\\mahes', 'pid': 19804, 'name': 'powershell.exe'} 
CONTENTS OF LOG FILE

----------------------------------------------------------------------
----------------------------------------------------------------------
Marvellous Process Log
Log file created at : Sun Jun  2 09:51:39 2024
----------------------------------------------------------------------
{'username': 'NT AUTHORITY\\SYSTEM', 'pid': 0, 'name': 'System Idle Process'} 
{'username': 'NT AUTHORITY\\SYSTEM', 'pid': 4, 'name': 'System'} 
{'username': None, 'pid': 140, 'name': ''} 
{'username': None, 'pid': 176, 'name': 'Registry'} 
{'username': None, 'pid': 640, 'name': 'smss.exe'} 
{'username': None, 'pid': 664, 'name': 'csrss.exe'} 
{'username': 'MAHESH\\mahes', 'pid': 728, 'name': 'Code.exe'} 
{'username': None, 'pid': 1100, 'name': 'wininit.exe'} 
{'username': None, 'pid': 1108, 'name': 'csrss.exe'} 
{'username': None, 'pid': 1172, 'name': 'services.exe'} 
{'username': None, 'pid': 1192, 'name': 'LsaIso.exe'} 
{'username': None, 'pid': 1208, 'name': 'lsass.exe'} 
{'username': None, 'pid': 1220, 'name': 'svchost.exe'} 
{'username': None, 'pid': 1280, 'name': 'IntelCpHDCPSvc.exe'} 
{'username': 'MAHESH\\mahes', 'pid': 1316, 'name': 'msedgewebview2.exe'} 
{'username': None, 'pid': 1332, 'name': 'svchost.exe'} 
{'username': None, 'pid': 1360, 'name': 'WUDFHost.exe'} 
{'username': None, 'pid': 1380, 'name': 'fontdrvhost.exe'} 
{'username': None, 'pid': 1468, 'name': 'svchost.exe'} 
{'username': None, 'pid': 1516, 'name': 'svchost.exe'} 
{'username': None, 'pid': 1568, 'name': 'WUDFHost.exe'} 
{'username': None, 'pid': 1636, 'name': 'winlogon.exe'} 
{'username': 'MAHESH\\mahes', 'pid': 1652, 'name': 'OneDrive.exe'} 
{'username': None, 'pid': 1688, 'name': 'fontdrvhost.exe'} 
{'username': None, 'pid': 1728, 'name': 'svchost.exe'} 
{'username': None, 'pid': 1776, 'name': 'svchost.exe'} 
{'username': None, 'pid': 1788, 'name': 'svchost.exe'} 
{'username': None, 'pid': 1852, 'name': 'dwm.exe'} 
{'username': None, 'pid': 1876, 'name': 'svchost.exe'} 
{'username': None, 'pid': 1892, 'name': 'svchost.exe'} 
{'username': None, 'pid': 1964, 'name': 'svchost.exe'} 
{'username': None, 'pid': 1972, 'name': 'svchost.exe'} 
{'username': 'MAHESH\\mahes', 'pid': 1996, 'name': 'svchost.exe'} 
{'username': None, 'pid': 2108, 'name': 'svchost.exe'} 
{'username': None, 'pid': 2220, 'name': 'svchost.exe'} 
{'username': 'MAHESH\\mahes', 'pid': 2324, 'name': 'ACCIMonitor.exe'} 
{'username': 'MAHESH\\mahes', 'pid': 2328, 'name': 'ArmouryCrate.UserSessionHelper.exe'} 
{'username': None, 'pid': 2376, 'name': 'NVDisplay.Container.exe'} 
{'username': None, 'pid': 2416, 'name': 'svchost.exe'} 
{'username': None, 'pid': 2424, 'name': 'igfxCUIServiceN.exe'} 
{'username': None, 'pid': 2444, 'name': 'svchost.exe'} 
{'username': None, 'pid': 2484, 'name': 'svchost.exe'} 
{'username': None, 'pid': 2608, 'name': 'svchost.exe'} 
{'username': None, 'pid': 2656, 'name': 'svchost.exe'} 
{'username': 'MAHESH\\mahes', 'pid': 2668, 'name': 'conhost.exe'} 
{'username': None, 'pid': 2752, 'name': 'svchost.exe'} 
{'username': None, 'pid': 2884, 'name': 'NVDisplay.Container.exe'} 
{'username': 'MAHESH\\mahes', 'pid': 2912, 'name': 'AsusSoftwareManagerAgent.exe'} 
{'username': None, 'pid': 2948, 'name': 'svchost.exe'} 
{'username': None, 'pid': 2956, 'name': 'AsusCertService.exe'} 
{'username': None, 'pid': 3012, 'name': 'svchost.exe'} 
{'username': None, 'pid': 3048, 'name': 'svchost.exe'} 
{'username': None, 'pid': 3056, 'name': 'svchost.exe'} 
{'username': None, 'pid': 3064, 'name': 'svchost.exe'} 
{'username': None, 'pid': 3120, 'name': 'svchost.exe'} 
{'username': None, 'pid': 3128, 'name': 'svchost.exe'} 
{'username': None, 'pid': 3172, 'name': 'MemCompression'} 
{'username': None, 'pid': 3276, 'name': 'svchost.exe'} 
{'username': 'MAHESH\\mahes', 'pid': 3304, 'name': 'StartMenuExperienceHost.exe'} 
{'username': 'MAHESH\\mahes', 'pid': 3320, 'name': 'Widgets.exe'} 
{'username': None, 'pid': 3476, 'name': 'svchost.exe'} 
{'username': 'MAHESH\\mahes', 'pid': 3484, 'name': 'svchost.exe'} 
{'username': None, 'pid': 3576, 'name': 'svchost.exe'} 
{'username': None, 'pid': 3612, 'name': 'svchost.exe'} 
{'username': None, 'pid': 3652, 'name': 'svchost.exe'} 
{'username': None, 'pid': 3692, 'name': 'svchost.exe'} 
{'username': None, 'pid': 3792, 'name': 'svchost.exe'} 
{'username': None, 'pid': 3840, 'name': 'svchost.exe'} 
{'username': None, 'pid': 3868, 'name': 'AsusOptimization.exe'} 
{'username': None, 'pid': 3876, 'name': 'svchost.exe'} 
{'username': None, 'pid': 3972, 'name': 'WmiPrvSE.exe'} 
{'username': 'MAHESH\\mahes', 'pid': 3988, 'name': 'RuntimeBroker.exe'} 
{'username': None, 'pid': 4080, 'name': 'spoolsv.exe'} 
{'username': None, 'pid': 4108, 'name': 'wlanext.exe'} 
{'username': None, 'pid': 4124, 'name': 'conhost.exe'} 
{'username': 'MAHESH\\mahes', 'pid': 4144, 'name': 'msedgewebview2.exe'} 
{'username': None, 'pid': 4208, 'name': 'asus_framework.exe'} 
{'username': None, 'pid': 4260, 'name': 'svchost.exe'} 
{'username': None, 'pid': 4332, 'name': 'svchost.exe'} 
{'username': None, 'pid': 4452, 'name': 'AsusAppService.exe'} 
{'username': None, 'pid': 4460, 'name': 'ArmouryCrateControlInterface.exe'} 
{'username': None, 'pid': 4468, 'name': 'AsusSoftwareManager.exe'} 
{'username': None, 'pid': 4476, 'name': 'OneApp.IGCC.WinService.exe'} 
{'username': None, 'pid': 4484, 'name': 'svchost.exe'} 
{'username': None, 'pid': 4492, 'name': 'AsusSystemDiagnosis.exe'} 
{'username': None, 'pid': 4500, 'name': 'AuraWallpaperService.exe'} 
{'username': None, 'pid': 4512, 'name': 'svchost.exe'} 
{'username': None, 'pid': 4524, 'name': 'svchost.exe'} 
{'username': None, 'pid': 4536, 'name': 'svchost.exe'} 
{'username': None, 'pid': 4540, 'name': 'DtsApo4Service.exe'} 
{'username': None, 'pid': 4556, 'name': 'AsusSwitch.exe'} 
{'username': None, 'pid': 4564, 'name': 'ArmouryCrate.Service.exe'} 
{'username': None, 'pid': 4572, 'name': 'svchost.exe'} 
{'username': None, 'pid': 4588, 'name': 'IntelAudioService.exe'} 
{'username': None, 'pid': 4596, 'name': 'svchost.exe'} 
{'username': None, 'pid': 4604, 'name': 'GameSDK.exe'} 
{'username': None, 'pid': 4608, 'name': 'AnyDesk.exe'} 
{'username': 'MAHESH\\mahes', 'pid': 4632, 'name': 'msedge.exe'} 
{'username': None, 'pid': 4660, 'name': 'esif_uf.exe'} 
{'username': None, 'pid': 4740, 'name': 'AsusSystemAnalysis.exe'} 
{'username': 'MAHESH\\mahes', 'pid': 4768, 'name': 'CptHost.exe'} 
{'username': None, 'pid': 4840, 'name': 'svchost.exe'} 
{'username': None, 'pid': 4876, 'name': 'svchost.exe'} 
{'username': None, 'pid': 4904, 'name': 'LightingService.exe'} 
{'username': None, 'pid': 4932, 'name': 'servicehost.exe'} 
{'username': None, 'pid': 4956, 'name': 'mongod.exe'} 
{'username': None, 'pid': 4988, 'name': 'mc-fw-host.exe'} 
{'username': None, 'pid': 5004, 'name': 'ROGLiveService.exe'} 
{'username': None, 'pid': 5012, 'name': 'RtkAudUService64.exe'} 
{'username': None, 'pid': 5040, 'name': 'RstMwService.exe'} 
{'username': None, 'pid': 5056, 'name': 'TbtP2pShortcutService.exe'} 
{'username': None, 'pid': 5064, 'name': 'svchost.exe'} 
{'username': None, 'pid': 5072, 'name': 'svchost.exe'} 
{'username': None, 'pid': 5080, 'name': 'svchost.exe'} 
{'username': None, 'pid': 5088, 'name': 'WMIRegistrationService.exe'} 
{'username': None, 'pid': 5132, 'name': 'svchost.exe'} 
{'username': None, 'pid': 5444, 'name': 'jhi_service.exe'} 
{'username': 'MAHESH\\mahes', 'pid': 5484, 'name': 'Code.exe'} 
{'username': None, 'pid': 5712, 'name': 'svchost.exe'} 
{'username': 'MAHESH\\mahes', 'pid': 5756, 'name': 'SearchHost.exe'} 
{'username': 'MAHESH\\mahes', 'pid': 5852, 'name': 'cmd.exe'} 
{'username': None, 'pid': 5856, 'name': 'dasHost.exe'} 
{'username': None, 'pid': 6096, 'name': 'svchost.exe'} 
{'username': 'MAHESH\\mahes', 'pid': 6488, 'name': 'msedgewebview2.exe'} 
{'username': 'MAHESH\\mahes', 'pid': 6516, 'name': 'Code.exe'} 
{'username': 'MAHESH\\mahes', 'pid': 6836, 'name': 'msedge.exe'} 
{'username': 'MAHESH\\mahes', 'pid': 6940, 'name': 'SystemSettings.exe'} 
{'username': 'MAHESH\\mahes', 'pid': 7240, 'name': 'RuntimeBroker.exe'} 
{'username': None, 'pid': 7508, 'name': 'dasHost.exe'} 
{'username': 'MAHESH\\mahes', 'pid': 7592, 'name': 'powershell.exe'} 
{'username': 'MAHESH\\mahes', 'pid': 7620, 'name': 'msedge.exe'} 
{'username': None, 'pid': 7624, 'name': 'svchost.exe'} 
{'username': 'MAHESH\\mahes', 'pid': 8160, 'name': 'svchost.exe'} 
{'username': None, 'pid': 8280, 'name': 'svchost.exe'} 
{'username': 'MAHESH\\mahes', 'pid': 8424, 'name': 'TextInputHost.exe'} 
{'username': 'MAHESH\\mahes', 'pid': 8540, 'name': 'git.exe'} 
{'username': 'MAHESH\\mahes', 'pid': 8636, 'name': 'ShellExperienceHost.exe'} 
{'username': 'MAHESH\\mahes', 'pid': 8696, 'name': 'sihost.exe'} 
{'username': 'MAHESH\\mahes', 'pid': 8828, 'name': 'uihost.exe'} 
{'username': None, 'pid': 8844, 'name': 'AggregatorHost.exe'} 
{'username': 'MAHESH\\mahes', 'pid': 8868, 'name': 'ctfmon.exe'} 
{'username': None, 'pid': 8928, 'name': 'unsecapp.exe'} 
{'username': 'MAHESH\\mahes', 'pid': 8952, 'name': 'SystemSettingsBroker.exe'} 
{'username': 'MAHESH\\mahes', 'pid': 9296, 'name': 'Code.exe'} 
{'username': 'MAHESH\\mahes', 'pid': 9400, 'name': 'AsusOptimizationStartupTask.exe'} 
{'username': None, 'pid': 9444, 'name': 'svchost.exe'} 
{'username': None, 'pid': 9452, 'name': 'mc-neo-host.exe'} 
{'username': None, 'pid': 9460, 'name': 'svchost.exe'} 
{'username': None, 'pid': 9508, 'name': 'svchost.exe'} 
{'username': None, 'pid': 9676, 'name': 'audiodg.exe'} 
{'username': None, 'pid': 9760, 'name': 'svchost.exe'} 
{'username': 'MAHESH\\mahes', 'pid': 9832, 'name': 'AppVShNotify.exe'} 
{'username': 'MAHESH\\mahes', 'pid': 9836, 'name': 'ArmourySwAgent.exe'} 
{'username': 'MAHESH\\mahes', 'pid': 9940, 'name': 'igfxEMN.exe'} 
{'username': None, 'pid': 9944, 'name': 'svchost.exe'} 
{'username': 'MAHESH\\mahes', 'pid': 9952, 'name': 'svchost.exe'} 
{'username': 'MAHESH\\mahes', 'pid': 9996, 'name': 'Code.exe'} 
{'username': 'MAHESH\\mahes', 'pid': 10108, 'name': 'Code.exe'} 
{'username': None, 'pid': 10144, 'name': 'svchost.exe'} 
{'username': 'MAHESH\\mahes', 'pid': 10288, 'name': 'svchost.exe'} 
{'username': 'MAHESH\\mahes', 'pid': 10300, 'name': 'OpenConsole.exe'} 
{'username': 'MAHESH\\mahes', 'pid': 10324, 'name': 'mc-fw-host.exe'} 
{'username': 'MAHESH\\mahes', 'pid': 10560, 'name': 'svchost.exe'} 
{'username': 'MAHESH\\mahes', 'pid': 10612, 'name': 'Zoom.exe'} 
{'username': 'MAHESH\\mahes', 'pid': 10648, 'name': 'taskhostw.exe'} 
{'username': 'MAHESH\\mahes', 'pid': 10668, 'name': 'AsMonitorControl.exe'} 
{'username': None, 'pid': 10684, 'name': 'svchost.exe'} 
{'username': 'MAHESH\\mahes', 'pid': 10708, 'name': 'AsHotplugCtrl.exe'} 
{'username': 'MAHESH\\mahes', 'pid': 10744, 'name': 'AcPowerNotification.exe'} 
{'username': 'MAHESH\\mahes', 'pid': 10764, 'name': 'ArmourySocketServer.exe'} 
{'username': 'MAHESH\\mahes', 'pid': 10948, 'name': 'asus_framework.exe'} 
{'username': 'MAHESH\\mahes', 'pid': 11032, 'name': 'ASUSSmartDisplayControl.exe'} 
{'username': None, 'pid': 11196, 'name': 'asus_framework.exe'} 
{'username': 'MAHESH\\mahes', 'pid': 11312, 'name': 'Code.exe'} 
{'username': 'MAHESH\\mahes', 'pid': 11376, 'name': 'msedge.exe'} 
{'username': 'MAHESH\\mahes', 'pid': 11380, 'name': 'explorer.exe'} 
{'username': None, 'pid': 11412, 'name': 'svchost.exe'} 
{'username': 'MAHESH\\mahes', 'pid': 11780, 'name': 'ArmouryHtmlDebugServer.exe'} 
{'username': 'MAHESH\\mahes', 'pid': 11984, 'name': 'msedge.exe'} 
{'username': 'MAHESH\\mahes', 'pid': 12068, 'name': 'UserOOBEBroker.exe'} 
{'username': None, 'pid': 12188, 'name': 'svchost.exe'} 
{'username': 'MAHESH\\mahes', 'pid': 12356, 'name': 'RtkAudUService64.exe'} 
{'username': 'MAHESH\\mahes', 'pid': 12416, 'name': 'AsusOSD.exe'} 
{'username': 'MAHESH\\mahes', 'pid': 12432, 'name': 'AnyDesk.exe'} 
{'username': 'MAHESH\\mahes', 'pid': 12732, 'name': 'Code.exe'} 
{'username': None, 'pid': 12740, 'name': 'SearchIndexer.exe'} 
{'username': None, 'pid': 12748, 'name': 'svchost.exe'} 
{'username': None, 'pid': 13192, 'name': 'svchost.exe'} 
{'username': 'MAHESH\\mahes', 'pid': 13264, 'name': 'AutoConnectHelper.exe'} 
{'username': 'MAHESH\\mahes', 'pid': 13316, 'name': 'RuntimeBroker.exe'} 
{'username': 'MAHESH\\mahes', 'pid': 13540, 'name': 'WidgetService.exe'} 
{'username': 'MAHESH\\mahes', 'pid': 13636, 'name': 'svchost.exe'} 
{'username': None, 'pid': 13648, 'name': 'svchost.exe'} 
{'username': 'MAHESH\\mahes', 'pid': 13732, 'name': 'svchost.exe'} 
{'username': 'MAHESH\\mahes', 'pid': 13876, 'name': 'Code.exe'} 
{'username': 'MAHESH\\mahes', 'pid': 14016, 'name': 'conhost.exe'} 
{'username': 'MAHESH\\mahes', 'pid': 14060, 'name': 'SecurityHealthSystray.exe'} 
{'username': 'MAHESH\\mahes', 'pid': 14132, 'name': 'dllhost.exe'} 
{'username': 'MAHESH\\mahes', 'pid': 14268, 'name': 'AsusSystemAnalysis.exe'} 
{'username': 'MAHESH\\mahes', 'pid': 14292, 'name': 'RuntimeBroker.exe'} 
{'username': 'MAHESH\\mahes', 'pid': 14308, 'name': 'conhost.exe'} 
{'username': 'MAHESH\\mahes', 'pid': 14332, 'name': 'conhost.exe'} 
{'username': 'MAHESH\\mahes', 'pid': 14404, 'name': 'Code.exe'} 
{'username': None, 'pid': 14424, 'name': 'svchost.exe'} 
{'username': 'MAHESH\\mahes', 'pid': 14588, 'name': 'svchost.exe'} 
{'username': 'MAHESH\\mahes', 'pid': 14652, 'name': 'msedgewebview2.exe'} 
{'username': None, 'pid': 14680, 'name': 'svchost.exe'} 
{'username': 'MAHESH\\mahes', 'pid': 14704, 'name': 'WhatsApp.exe'} 
{'username': 'MAHESH\\mahes', 'pid': 14764, 'name': 'msedge.exe'} 
{'username': 'MAHESH\\mahes', 'pid': 14888, 'name': 'msedge.exe'} 
{'username': None, 'pid': 15104, 'name': 'OfficeClickToRun.exe'} 
{'username': 'MAHESH\\mahes', 'pid': 15180, 'name': 'Zoom.exe'} 
{'username': 'MAHESH\\mahes', 'pid': 15488, 'name': 'Code.exe'} 
{'username': 'MAHESH\\mahes', 'pid': 15508, 'name': 'RtkAudUService64.exe'} 
{'username': 'MAHESH\\mahes', 'pid': 15876, 'name': 'LocationNotificationWindows.exe'} 
{'username': 'MAHESH\\mahes', 'pid': 15920, 'name': 'git.exe'} 
{'username': None, 'pid': 16000, 'name': 'svchost.exe'} 
{'username': 'MAHESH\\mahes', 'pid': 16052, 'name': 'python.exe'} 
{'username': 'MAHESH\\mahes', 'pid': 16200, 'name': 'msedge.exe'} 
{'username': None, 'pid': 16212, 'name': 'SecurityHealthService.exe'} 
{'username': 'MAHESH\\mahes', 'pid': 16228, 'name': 'FileCoAuth.exe'} 
{'username': None, 'pid': 16268, 'name': 'svchost.exe'} 
{'username': 'MAHESH\\mahes', 'pid': 16320, 'name': 'ApplicationFrameHost.exe'} 
{'username': None, 'pid': 16620, 'name': 'svchost.exe'} 
{'username': 'MAHESH\\mahes', 'pid': 16652, 'name': 'msedge.exe'} 
{'username': 'MAHESH\\mahes', 'pid': 16832, 'name': 'msedge.exe'} 
{'username': 'MAHESH\\mahes', 'pid': 16952, 'name': 'conhost.exe'} 
{'username': 'MAHESH\\mahes', 'pid': 17160, 'name': 'msedge.exe'} 
{'username': None, 'pid': 17292, 'name': 'svchost.exe'} 
{'username': 'MAHESH\\mahes', 'pid': 17312, 'name': 'WindowsTerminal.exe'} 
{'username': None, 'pid': 17348, 'name': 'svchost.exe'} 
{'username': 'MAHESH\\mahes', 'pid': 17404, 'name': 'RuntimeBroker.exe'} 
{'username': 'MAHESH\\mahes', 'pid': 17492, 'name': 'msedgewebview2.exe'} 
{'username': None, 'pid': 17532, 'name': 'svchost.exe'} 
{'username': 'MAHESH\\mahes', 'pid': 17752, 'name': 'RuntimeBroker.exe'} 
{'username': 'MAHESH\\mahes', 'pid': 17896, 'name': 'git.exe'} 
{'username': None, 'pid': 18272, 'name': 'svchost.exe'} 
{'username': 'MAHESH\\mahes', 'pid': 18388, 'name': 'asus_framework.exe'} 
{'username': 'MAHESH\\mahes', 'pid': 18464, 'name': 'dllhost.exe'} 
{'username': 'MAHESH\\mahes', 'pid': 18528, 'name': 'Code.exe'} 
{'username': None, 'pid': 18596, 'name': 'svchost.exe'} 
{'username': 'MAHESH\\mahes', 'pid': 19508, 'name': 'msedgewebview2.exe'} 
{'username': 'MAHESH\\mahes', 'pid': 19804, 'name': 'powershell.exe'} 
CONTENTS OF LOG FILE

----------------------------------------------------------------------
